# JRE version: OpenJDK Runtime Environment Temurin-21.0.8+9 (21.0.8+9) (build 21.0.8+9-LTS)
# Java VM: OpenJDK 64-Bit Server VM Temurin-21.0.8+9 (21.0.8+9-LTS, mixed mode, sharing, tiered, compressed oops, compressed class ptrs, parallel gc, windows-amd64)
GC Precious Log:
 CardTable entry size: 512
 CPUs: 4 total, 4 available
 Memory: 3533M
 Large Page Support: Disabled
 NUMA Support: Disabled
 Compressed Oops: Enabled (32-bit)
 Alignments: Space 512K, Generation 512K, Heap 2M
 Heap Min Capacity: 100M
 Heap Initial Capacity: 100M
 Heap Max Capacity: 2G
 Pre-touch: Disabled
 Parallel Workers: 4
Heap:
 PSYoungGen      total 6144K, used 4596K [0x00000000d5580000, 0x00000000d5c00000, 0x0000000100000000)
  eden space 5120K, 87% used [0x00000000d5580000,0x00000000d59dd140,0x00000000d5a80000)
  from space 1024K, 12% used [0x00000000d5a80000,0x00000000d5aa0000,0x00000000d5b80000)
  to   space 512K, 0% used [0x00000000d5b80000,0x00000000d5b80000,0x00000000d5c00000)
 ParOldGen       total 547840K, used 272219K [0x0000000080000000, 0x00000000a1700000, 0x00000000d5580000)
  object space 547840K, 49% used [0x0000000080000000,0x00000000909d6db8,0x00000000a1700000)
 Metaspace       used 92450K, committed 94272K, reserved 1179648K
  class space    used 9179K, committed 10112K, reserved 1048576K
GC Heap History (20 events):
Event: 13504.903 GC heap before
{Heap before GC invocations=1123 (full 5):
 PSYoungGen      total 3072K, used 2784K [0x00000000d5580000, 0x00000000d5980000, 0x0000000100000000)
  eden space 2560K, 100% used [0x00000000d5580000,0x00000000d5800000,0x00000000d5800000)
  from space 512K, 43% used [0x00000000d5880000,0x00000000d58b8000,0x00000000d5900000)
  to   space 512K, 0% used [0x00000000d5900000,0x00000000d5900000,0x00000000d5980000)
 ParOldGen       total 547840K, used 269828K [0x0000000080000000, 0x00000000a1700000, 0x00000000d5580000)
  object space 547840K, 49% used [0x0000000080000000,0x0000000090781370,0x00000000a1700000)
 Metaspace       used 92286K, committed 94272K, reserved 1179648K
  class space    used 9159K, committed 10112K, reserved 1048576K
}
Event: 13504.912 GC heap after
{Heap after GC invocations=1123 (full 5):
 PSYoungGen      total 3072K, used 192K [0x00000000d5580000, 0x00000000d5980000, 0x0000000100000000)
  eden space 2560K, 0% used [0x00000000d5580000,0x00000000d5580000,0x00000000d5800000)
  from space 512K, 37% used [0x00000000d5900000,0x00000000d5930000,0x00000000d5980000)
  to   space 512K, 0% used [0x00000000d5880000,0x00000000d5880000,0x00000000d5900000)
 ParOldGen       total 547840K, used 270052K [0x0000000080000000, 0x00000000a1700000, 0x00000000d5580000)
  object space 547840K, 49% used [0x0000000080000000,0x00000000907b9370,0x00000000a1700000)
 Metaspace       used 92286K, committed 94272K, reserved 1179648K
  class space    used 9159K, committed 10112K, reserved 1048576K
}
Event: 13504.930 GC heap before
{Heap before GC invocations=1124 (full 5):
 PSYoungGen      total 3072K, used 2752K [0x00000000d5580000, 0x00000000d5980000, 0x0000000100000000)
  eden space 2560K, 100% used [0x00000000d5580000,0x00000000d5800000,0x00000000d5800000)
  from space 512K, 37% used [0x00000000d5900000,0x00000000d5930000,0x00000000d5980000)
  to   space 512K, 0% used [0x00000000d5880000,0x00000000d5880000,0x00000000d5900000)
 ParOldGen       total 547840K, used 270052K [0x0000000080000000, 0x00000000a1700000, 0x00000000d5580000)
  object space 547840K, 49% used [0x0000000080000000,0x00000000907b9370,0x00000000a1700000)
 Metaspace       used 92288K, committed 94272K, reserved 1179648K
  class space    used 9159K, committed 10112K, reserved 1048576K
}
Event: 13504.935 GC heap after
{Heap after GC invocations=1124 (full 5):
 PSYoungGen      total 3072K, used 224K [0x00000000d5580000, 0x00000000d5980000, 0x0000000100000000)
  eden space 2560K, 0% used [0x00000000d5580000,0x00000000d5580000,0x00000000d5800000)
  from space 512K, 43% used [0x00000000d5880000,0x00000000d58b8000,0x00000000d5900000)
  to   space 512K, 0% used [0x00000000d5900000,0x00000000d5900000,0x00000000d5980000)
 ParOldGen       total 547840K, used 270232K [0x0000000080000000, 0x00000000a1700000, 0x00000000d5580000)
  object space 547840K, 49% used [0x0000000080000000,0x00000000907e6380,0x00000000a1700000)
 Metaspace       used 92288K, committed 94272K, reserved 1179648K
  class space    used 9159K, committed 10112K, reserved 1048576K
}
Event: 13504.945 GC heap before
{Heap before GC invocations=1125 (full 5):
 PSYoungGen      total 3072K, used 2784K [0x00000000d5580000, 0x00000000d5980000, 0x0000000100000000)
  eden space 2560K, 100% used [0x00000000d5580000,0x00000000d5800000,0x00000000d5800000)
  from space 512K, 43% used [0x00000000d5880000,0x00000000d58b8000,0x00000000d5900000)
  to   space 512K, 0% used [0x00000000d5900000,0x00000000d5900000,0x00000000d5980000)
 ParOldGen       total 547840K, used 270232K [0x0000000080000000, 0x00000000a1700000, 0x00000000d5580000)
  object space 547840K, 49% used [0x0000000080000000,0x00000000907e6380,0x00000000a1700000)
 Metaspace       used 92288K, committed 94272K, reserved 1179648K
  class space    used 9159K, committed 10112K, reserved 1048576K
}
Event: 13504.951 GC heap after
{Heap after GC invocations=1125 (full 5):
 PSYoungGen      total 3584K, used 128K [0x00000000d5580000, 0x00000000d5980000, 0x0000000100000000)
  eden space 3072K, 0% used [0x00000000d5580000,0x00000000d5580000,0x00000000d5880000)
  from space 512K, 25% used [0x00000000d5900000,0x00000000d5920000,0x00000000d5980000)
  to   space 512K, 0% used [0x00000000d5880000,0x00000000d5880000,0x00000000d5900000)
 ParOldGen       total 547840K, used 270392K [0x0000000080000000, 0x00000000a1700000, 0x00000000d5580000)
  object space 547840K, 49% used [0x0000000080000000,0x000000009080e380,0x00000000a1700000)
 Metaspace       used 92288K, committed 94272K, reserved 1179648K
  class space    used 9159K, committed 10112K, reserved 1048576K
}
Event: 13504.986 GC heap before
{Heap before GC invocations=1126 (full 5):
 PSYoungGen      total 3584K, used 3200K [0x00000000d5580000, 0x00000000d5980000, 0x0000000100000000)
  eden space 3072K, 100% used [0x00000000d5580000,0x00000000d5880000,0x00000000d5880000)
  from space 512K, 25% used [0x00000000d5900000,0x00000000d5920000,0x00000000d5980000)
  to   space 512K, 0% used [0x00000000d5880000,0x00000000d5880000,0x00000000d5900000)
 ParOldGen       total 547840K, used 270392K [0x0000000080000000, 0x00000000a1700000, 0x00000000d5580000)
  object space 547840K, 49% used [0x0000000080000000,0x000000009080e380,0x00000000a1700000)
 Metaspace       used 92288K, committed 94272K, reserved 1179648K
  class space    used 9159K, committed 10112K, reserved 1048576K
}
Event: 13504.993 GC heap after
{Heap after GC invocations=1126 (full 5):
 PSYoungGen      total 3584K, used 512K [0x00000000d5580000, 0x00000000d5b80000, 0x0000000100000000)
  eden space 3072K, 0% used [0x00000000d5580000,0x00000000d5580000,0x00000000d5880000)
  from space 512K, 100% used [0x00000000d5880000,0x00000000d5900000,0x00000000d5900000)
  to   space 1024K, 0% used [0x00000000d5a80000,0x00000000d5a80000,0x00000000d5b80000)
 ParOldGen       total 547840K, used 270456K [0x0000000080000000, 0x00000000a1700000, 0x00000000d5580000)
  object space 547840K, 49% used [0x0000000080000000,0x000000009081e380,0x00000000a1700000)
 Metaspace       used 92288K, committed 94272K, reserved 1179648K
  class space    used 9159K, committed 10112K, reserved 1048576K
}
Event: 13505.010 GC heap before
{Heap before GC invocations=1127 (full 5):
 PSYoungGen      total 3584K, used 3584K [0x00000000d5580000, 0x00000000d5b80000, 0x0000000100000000)
  eden space 3072K, 100% used [0x00000000d5580000,0x00000000d5880000,0x00000000d5880000)
  from space 512K, 100% used [0x00000000d5880000,0x00000000d5900000,0x00000000d5900000)
  to   space 1024K, 0% used [0x00000000d5a80000,0x00000000d5a80000,0x00000000d5b80000)
 ParOldGen       total 547840K, used 270456K [0x0000000080000000, 0x00000000a1700000, 0x00000000d5580000)
  object space 547840K, 49% used [0x0000000080000000,0x000000009081e380,0x00000000a1700000)
 Metaspace       used 92288K, committed 94272K, reserved 1179648K
  class space    used 9159K, committed 10112K, reserved 1048576K
}
Event: 13505.022 GC heap after
{Heap after GC invocations=1127 (full 5):
 PSYoungGen      total 4608K, used 394K [0x00000000d5580000, 0x00000000d5b00000, 0x0000000100000000)
  eden space 4096K, 0% used [0x00000000d5580000,0x00000000d5580000,0x00000000d5980000)
  from space 512K, 77% used [0x00000000d5a80000,0x00000000d5ae2910,0x00000000d5b00000)
  to   space 512K, 0% used [0x00000000d5a00000,0x00000000d5a00000,0x00000000d5a80000)
 ParOldGen       total 547840K, used 270900K [0x0000000080000000, 0x00000000a1700000, 0x00000000d5580000)
  object space 547840K, 49% used [0x0000000080000000,0x000000009088d270,0x00000000a1700000)
 Metaspace       used 92288K, committed 94272K, reserved 1179648K
  class space    used 9159K, committed 10112K, reserved 1048576K
}
Event: 13505.043 GC heap before
{Heap before GC invocations=1128 (full 5):
 PSYoungGen      total 4608K, used 4490K [0x00000000d5580000, 0x00000000d5b00000, 0x0000000100000000)
  eden space 4096K, 100% used [0x00000000d5580000,0x00000000d5980000,0x00000000d5980000)
  from space 512K, 77% used [0x00000000d5a80000,0x00000000d5ae2910,0x00000000d5b00000)
  to   space 512K, 0% used [0x00000000d5a00000,0x00000000d5a00000,0x00000000d5a80000)
 ParOldGen       total 547840K, used 270900K [0x0000000080000000, 0x00000000a1700000, 0x00000000d5580000)
  object space 547840K, 49% used [0x0000000080000000,0x000000009088d270,0x00000000a1700000)
 Metaspace       used 92288K, committed 94272K, reserved 1179648K
  class space    used 9159K, committed 10112K, reserved 1048576K
}
Event: 13505.054 GC heap after
{Heap after GC invocations=1128 (full 5):
 PSYoungGen      total 5120K, used 288K [0x00000000d5580000, 0x00000000d5b80000, 0x0000000100000000)
  eden space 4608K, 0% used [0x00000000d5580000,0x00000000d5580000,0x00000000d5a00000)
  from space 512K, 56% used [0x00000000d5a00000,0x00000000d5a48000,0x00000000d5a80000)
  to   space 512K, 0% used [0x00000000d5b00000,0x00000000d5b00000,0x00000000d5b80000)
 ParOldGen       total 547840K, used 271267K [0x0000000080000000, 0x00000000a1700000, 0x00000000d5580000)
  object space 547840K, 49% used [0x0000000080000000,0x00000000908e8ea8,0x00000000a1700000)
 Metaspace       used 92288K, committed 94272K, reserved 1179648K
  class space    used 9159K, committed 10112K, reserved 1048576K
}
Event: 13505.206 GC heap before
{Heap before GC invocations=1129 (full 5):
 PSYoungGen      total 5120K, used 4896K [0x00000000d5580000, 0x00000000d5b80000, 0x0000000100000000)
  eden space 4608K, 100% used [0x00000000d5580000,0x00000000d5a00000,0x00000000d5a00000)
  from space 512K, 56% used [0x00000000d5a00000,0x00000000d5a48000,0x00000000d5a80000)
  to   space 512K, 0% used [0x00000000d5b00000,0x00000000d5b00000,0x00000000d5b80000)
 ParOldGen       total 547840K, used 271267K [0x0000000080000000, 0x00000000a1700000, 0x00000000d5580000)
  object space 547840K, 49% used [0x0000000080000000,0x00000000908e8ea8,0x00000000a1700000)
 Metaspace       used 92288K, committed 94272K, reserved 1179648K
  class space    used 9159K, committed 10112K, reserved 1048576K
}
Event: 13505.213 GC heap after
{Heap after GC invocations=1129 (full 5):
 PSYoungGen      total 5632K, used 224K [0x00000000d5580000, 0x00000000d5c00000, 0x0000000100000000)
  eden space 5120K, 0% used [0x00000000d5580000,0x00000000d5580000,0x00000000d5a80000)
  from space 512K, 43% used [0x00000000d5b00000,0x00000000d5b38000,0x00000000d5b80000)
  to   space 512K, 0% used [0x00000000d5a80000,0x00000000d5a80000,0x00000000d5b00000)
 ParOldGen       total 547840K, used 271463K [0x0000000080000000, 0x00000000a1700000, 0x00000000d5580000)
  object space 547840K, 49% used [0x0000000080000000,0x0000000090919eb8,0x00000000a1700000)
 Metaspace       used 92288K, committed 94272K, reserved 1179648K
  class space    used 9159K, committed 10112K, reserved 1048576K
}
Event: 13578.777 GC heap before
{Heap before GC invocations=1130 (full 5):
 PSYoungGen      total 5632K, used 5343K [0x00000000d5580000, 0x00000000d5c00000, 0x0000000100000000)
  eden space 5120K, 99% used [0x00000000d5580000,0x00000000d5a7ff38,0x00000000d5a80000)
  from space 512K, 43% used [0x00000000d5b00000,0x00000000d5b38000,0x00000000d5b80000)
  to   space 512K, 0% used [0x00000000d5a80000,0x00000000d5a80000,0x00000000d5b00000)
 ParOldGen       total 547840K, used 271463K [0x0000000080000000, 0x00000000a1700000, 0x00000000d5580000)
  object space 547840K, 49% used [0x0000000080000000,0x0000000090919eb8,0x00000000a1700000)
 Metaspace       used 92309K, committed 94272K, reserved 1179648K
  class space    used 9162K, committed 10112K, reserved 1048576K
}
Event: 13579.491 GC heap after
{Heap after GC invocations=1130 (full 5):
 PSYoungGen      total 5632K, used 512K [0x00000000d5580000, 0x00000000d5c80000, 0x0000000100000000)
  eden space 5120K, 0% used [0x00000000d5580000,0x00000000d5580000,0x00000000d5a80000)
  from space 512K, 100% used [0x00000000d5a80000,0x00000000d5b00000,0x00000000d5b00000)
  to   space 1024K, 0% used [0x00000000d5b80000,0x00000000d5b80000,0x00000000d5c80000)
 ParOldGen       total 547840K, used 271631K [0x0000000080000000, 0x00000000a1700000, 0x00000000d5580000)
  object space 547840K, 49% used [0x0000000080000000,0x0000000090943eb8,0x00000000a1700000)
 Metaspace       used 92309K, committed 94272K, reserved 1179648K
  class space    used 9162K, committed 10112K, reserved 1048576K
}
Event: 13584.826 GC heap before
{Heap before GC invocations=1131 (full 5):
 PSYoungGen      total 5632K, used 5632K [0x00000000d5580000, 0x00000000d5c80000, 0x0000000100000000)
  eden space 5120K, 100% used [0x00000000d5580000,0x00000000d5a80000,0x00000000d5a80000)
  from space 512K, 100% used [0x00000000d5a80000,0x00000000d5b00000,0x00000000d5b00000)
  to   space 1024K, 0% used [0x00000000d5b80000,0x00000000d5b80000,0x00000000d5c80000)
 ParOldGen       total 547840K, used 271631K [0x0000000080000000, 0x00000000a1700000, 0x00000000d5580000)
  object space 547840K, 49% used [0x0000000080000000,0x0000000090943eb8,0x00000000a1700000)
 Metaspace       used 92325K, committed 94272K, reserved 1179648K
  class space    used 9163K, committed 10112K, reserved 1048576K
}
Event: 13584.841 GC heap after
{Heap after GC invocations=1131 (full 5):
 PSYoungGen      total 6144K, used 448K [0x00000000d5580000, 0x00000000d5c80000, 0x0000000100000000)
  eden space 5120K, 0% used [0x00000000d5580000,0x00000000d5580000,0x00000000d5a80000)
  from space 1024K, 43% used [0x00000000d5b80000,0x00000000d5bf0000,0x00000000d5c80000)
  to   space 1024K, 0% used [0x00000000d5a80000,0x00000000d5a80000,0x00000000d5b80000)
 ParOldGen       total 547840K, used 272123K [0x0000000080000000, 0x00000000a1700000, 0x00000000d5580000)
  object space 547840K, 49% used [0x0000000080000000,0x00000000909beda8,0x00000000a1700000)
 Metaspace       used 92325K, committed 94272K, reserved 1179648K
  class space    used 9163K, committed 10112K, reserved 1048576K
}
Event: 13616.249 GC heap before
{Heap before GC invocations=1132 (full 5):
 PSYoungGen      total 6144K, used 5568K [0x00000000d5580000, 0x00000000d5c80000, 0x0000000100000000)
  eden space 5120K, 100% used [0x00000000d5580000,0x00000000d5a80000,0x00000000d5a80000)
  from space 1024K, 43% used [0x00000000d5b80000,0x00000000d5bf0000,0x00000000d5c80000)
  to   space 1024K, 0% used [0x00000000d5a80000,0x00000000d5a80000,0x00000000d5b80000)
 ParOldGen       total 547840K, used 272123K [0x0000000080000000, 0x00000000a1700000, 0x00000000d5580000)
  object space 547840K, 49% used [0x0000000080000000,0x00000000909beda8,0x00000000a1700000)
 Metaspace       used 92331K, committed 94272K, reserved 1179648K
  class space    used 9163K, committed 10112K, reserved 1048576K
}
Event: 13617.381 GC heap after
{Heap after GC invocations=1132 (full 5):
 PSYoungGen      total 6144K, used 128K [0x00000000d5580000, 0x00000000d5c00000, 0x0000000100000000)
  eden space 5120K, 0% used [0x00000000d5580000,0x00000000d5580000,0x00000000d5a80000)
  from space 1024K, 12% used [0x00000000d5a80000,0x00000000d5aa0000,0x00000000d5b80000)
  to   space 512K, 0% used [0x00000000d5b80000,0x00000000d5b80000,0x00000000d5c00000)
 ParOldGen       total 547840K, used 272219K [0x0000000080000000, 0x00000000a1700000, 0x00000000d5580000)
  object space 547840K, 49% used [0x0000000080000000,0x00000000909d6db8,0x00000000a1700000)
 Metaspace       used 92331K, committed 94272K, reserved 1179648K
  class space    used 9163K, committed 10112K, reserved 1048576K
}

